[1772392186.9706] [INFO] ===========================================
[1772392186.9706] [INFO] uuv_44 Control Nodelet Initializing...
[1772392186.9707] [INFO] ===========================================
[1772392186.9923] [INFO] [FossenDynamics] XML Params loaded: 
 mass=
18
 volume=
0.0175514
 fluid_density=
1028
 gravity=
9.81
 neutrally_buoyant=
1
 cog=
0
0
0
 cob=
    0
    0
-0.01
 M_rb=
      18        0        0        0        0        0
       0       18        0        0        0        0
       0        0       18        0        0        0
       0        0        0 0.050625        0        0
       0        0        0        0  1.77491        0
       0        0        0        0        0  1.77491
 M_added=
    1     0     0     0     0     0
    0    16     0     0     0     0
    0     0    16     0     0     0
    0     0     0 0.005     0     0
    0     0     0     0   1.3     0
    0     0     0     0     0   1.3
 D_lin=
 -2.4     0     0     0     0     0
    0   -23     0     0     0  11.5
    0     0   -23     0 -11.5     0
    0     0     0  -0.3     0     0
    0     0   3.1     0  -9.7     0
    0  -3.1     0     0     0  -9.7
 D_lin_forward_speed=
0 0 0 0 0 0
0 0 0 0 0 0
0 0 0 0 0 0
0 0 0 0 0 0
0 0 0 0 0 0
0 0 0 0 0 0
 D_quad=
   -2.4       0       0       0       0       0
      0     -80       0       0       0     0.3
      0       0     -80       0    -0.3       0
      0       0       0 -0.0006       0       0
      0       0     1.5       0    -9.1       0
      0    -1.5       0       0       0    -9.1
 M=
      19        0        0        0        0        0
       0       34        0        0        0        0
       0        0       34        0        0        0
       0        0        0 0.055625        0        0
       0        0        0        0  3.07491        0
       0        0        0        0        0  3.07491
 W=
176.58
 B=
176.58
[1772392187.0068] [INFO] [ControlPluginBase] Base Param loaded:
 self_level=
dynamics
 control_level=
guidance
 update_rate=
100
 publish_debug=
1
 publish_debug_rate=
10
[1772392187.0069] [INFO] [ControlNodelet] Loaded Dynamics : fossen_model[uuv_control/FossenDynamics] @ 100 Hz
[1772392187.0079] [INFO] [LauvActuator] Xml Params Loaded: 
 thruster/rotor_constant=
0.0002
 thruster/max_rpm=
1500
 thruster/time_constant=
0.6
 fin/fluid_density=
1028
 fin/fin_area=
0.0064
 fin/lift_coefficient=
3
 fin/drag_coefficient=
0
 fin/max_deg=
30
 fin/x_fin_=
-0.4
 fin/time_constant=
0.2
[1772392187.0108] [INFO] [ControlPluginBase] Base Param loaded:
 self_level=
actuator
 control_level=
guidance
 update_rate=
200
 publish_debug=
1
 publish_debug_rate=
10
[1772392187.0108] [INFO] [ControlNodelet] Loaded Actuator : lauv_actuator[uuv_control/LauvActuator] @ 200 Hz
[1772392187.0180] [INFO] [ControlNodelet] Loaded Controller : pid_ctrl[uuv_control/PidController] @ 10 Hz
[1772392187.0271] [INFO] [ControlNodelet] Loaded Guidance : to_goal_guidance[uuv_control/ToGoalGuidance] @ 10 Hz
[1772392187.0307] [INFO] [Simple2DSonar] Xml Params Loaded: 
 beams=
30
 max_range=
200
 fov_deg=
150
[1772392187.0313] [INFO] [Simple2DSonar] Successfully loaded 3 obstacles from ROS Parameter Server.
[1772392187.0313] [INFO] [SensorPluginBase] Param loaded:
 update_rate=
10
 publish_debug=
0
 publish_debug_rate=
1
[1772392187.0314] [INFO] [ControlNodelet] Loaded Sensor : forward_looking_sonar[uuv_sensor/Simple2DSonar] @ 10 Hz
[1772392187.0314] [INFO] [ControlNodelet] Loop running at 100 Hz via Timer
